# JRE version: OpenJDK Runtime Environment (8.0_112-b06) (build 1.8.0_112-release-b06)
# Java VM: OpenJDK 64-Bit Server VM (25.112-b06 mixed mode linux-amd64 compressed oops)
Heap:
 PSYoungGen      total 295424K, used 0K [0x00000000eab00000, 0x0000000100000000, 0x0000000100000000)
  eden space 241664K, 0% used [0x00000000eab00000,0x00000000eab00000,0x00000000f9700000)
  from space 53760K, 0% used [0x00000000f9700000,0x00000000f9700000,0x00000000fcb80000)
  to   space 53760K, 0% used [0x00000000fcb80000,0x00000000fcb80000,0x0000000100000000)
 ParOldGen       total 128000K, used 123827K [0x00000000c0000000, 0x00000000c7d00000, 0x00000000eab00000)
  object space 128000K, 96% used [0x00000000c0000000,0x00000000c78ecd08,0x00000000c7d00000)
 Metaspace       used 25556K, capacity 25740K, committed 26112K, reserved 1073152K
  class space    used 2937K, capacity 2991K, committed 3072K, reserved 1048576K
GC Heap History (10 events):
Event: 2.409 GC heap after
Heap after GC invocations=6 (full 1):
 PSYoungGen      total 136192K, used 0K [0x00000000eab00000, 0x00000000fef00000, 0x0000000100000000)
  eden space 131072K, 0% used [0x00000000eab00000,0x00000000eab00000,0x00000000f2b00000)
  from space 5120K, 0% used [0x00000000f2b00000,0x00000000f2b00000,0x00000000f3000000)
  to   space 34816K, 0% used [0x00000000fcd00000,0x00000000fcd00000,0x00000000fef00000)
 ParOldGen       total 128000K, used 50830K [0x00000000c0000000, 0x00000000c7d00000, 0x00000000eab00000)
  object space 128000K, 39% used [0x00000000c0000000,0x00000000c31a3be0,0x00000000c7d00000)
 Metaspace       used 20735K, capacity 20904K, committed 21248K, reserved 1069056K
  class space    used 2433K, capacity 2473K, committed 2560K, reserved 1048576K
}
Event: 2.852 GC heap before
{Heap before GC invocations=7 (full 1):
 PSYoungGen      total 136192K, used 131072K [0x00000000eab00000, 0x00000000fef00000, 0x0000000100000000)
  eden space 131072K, 100% used [0x00000000eab00000,0x00000000f2b00000,0x00000000f2b00000)
  from space 5120K, 0% used [0x00000000f2b00000,0x00000000f2b00000,0x00000000f3000000)
  to   space 34816K, 0% used [0x00000000fcd00000,0x00000000fcd00000,0x00000000fef00000)
 ParOldGen       total 128000K, used 50836K [0x00000000c0000000, 0x00000000c7d00000, 0x00000000eab00000)
  object space 128000K, 39% used [0x00000000c0000000,0x00000000c31a51d0,0x00000000c7d00000)
 Metaspace       used 21972K, capacity 22150K, committed 22400K, reserved 1069056K
  class space    used 2569K, capacity 2606K, committed 2688K, reserved 1048576K
Event: 2.867 GC heap after
Heap after GC invocations=7 (full 1):
 PSYoungGen      total 210944K, used 10940K [0x00000000eab00000, 0x00000000fd800000, 0x0000000100000000)
  eden space 199680K, 0% used [0x00000000eab00000,0x00000000eab00000,0x00000000f6e00000)
  from space 11264K, 97% used [0x00000000fcd00000,0x00000000fd7af0f0,0x00000000fd800000)
  to   space 33792K, 0% used [0x00000000f9600000,0x00000000f9600000,0x00000000fb700000)
 ParOldGen       total 128000K, used 50844K [0x00000000c0000000, 0x00000000c7d00000, 0x00000000eab00000)
  object space 128000K, 39% used [0x00000000c0000000,0x00000000c31a71d0,0x00000000c7d00000)
 Metaspace       used 21972K, capacity 22150K, committed 22400K, reserved 1069056K
  class space    used 2569K, capacity 2606K, committed 2688K, reserved 1048576K
}
Event: 3.257 GC heap before
{Heap before GC invocations=8 (full 1):
 PSYoungGen      total 210944K, used 210620K [0x00000000eab00000, 0x00000000fd800000, 0x0000000100000000)
  eden space 199680K, 100% used [0x00000000eab00000,0x00000000f6e00000,0x00000000f6e00000)
  from space 11264K, 97% used [0x00000000fcd00000,0x00000000fd7af0f0,0x00000000fd800000)
  to   space 33792K, 0% used [0x00000000f9600000,0x00000000f9600000,0x00000000fb700000)
 ParOldGen       total 128000K, used 50851K [0x00000000c0000000, 0x00000000c7d00000, 0x00000000eab00000)
  object space 128000K, 39% used [0x00000000c0000000,0x00000000c31a8f68,0x00000000c7d00000)
 Metaspace       used 21993K, capacity 22150K, committed 22400K, reserved 1069056K
  class space    used 2569K, capacity 2606K, committed 2688K, reserved 1048576K
Event: 3.278 GC heap after
Heap after GC invocations=8 (full 1):
 PSYoungGen      total 274432K, used 29814K [0x00000000eab00000, 0x0000000100000000, 0x0000000100000000)
  eden space 240640K, 0% used [0x00000000eab00000,0x00000000eab00000,0x00000000f9600000)
  from space 33792K, 88% used [0x00000000f9600000,0x00000000fb31d868,0x00000000fb700000)
  to   space 37888K, 0% used [0x00000000fdb00000,0x00000000fdb00000,0x0000000100000000)
 ParOldGen       total 128000K, used 50859K [0x00000000c0000000, 0x00000000c7d00000, 0x00000000eab00000)
  object space 128000K, 39% used [0x00000000c0000000,0x00000000c31aaf68,0x00000000c7d00000)
 Metaspace       used 21993K, capacity 22150K, committed 22400K, reserved 1069056K
  class space    used 2569K, capacity 2606K, committed 2688K, reserved 1048576K
}
Event: 3.980 GC heap before
{Heap before GC invocations=9 (full 1):
 PSYoungGen      total 274432K, used 270454K [0x00000000eab00000, 0x0000000100000000, 0x0000000100000000)
  eden space 240640K, 100% used [0x00000000eab00000,0x00000000f9600000,0x00000000f9600000)
  from space 33792K, 88% used [0x00000000f9600000,0x00000000fb31d868,0x00000000fb700000)
  to   space 37888K, 0% used [0x00000000fdb00000,0x00000000fdb00000,0x0000000100000000)
 ParOldGen       total 128000K, used 50864K [0x00000000c0000000, 0x00000000c7d00000, 0x00000000eab00000)
  object space 128000K, 39% used [0x00000000c0000000,0x00000000c31ac310,0x00000000c7d00000)
 Metaspace       used 24498K, capacity 24722K, committed 24960K, reserved 1071104K
  class space    used 2873K, capacity 2928K, committed 2944K, reserved 1048576K
Event: 4.018 GC heap after
Heap after GC invocations=9 (full 1):
 PSYoungGen      total 279552K, used 37856K [0x00000000eab00000, 0x0000000100000000, 0x0000000100000000)
  eden space 241664K, 0% used [0x00000000eab00000,0x00000000eab00000,0x00000000f9700000)
  from space 37888K, 99% used [0x00000000fdb00000,0x00000000ffff8020,0x0000000100000000)
  to   space 53760K, 0% used [0x00000000f9700000,0x00000000f9700000,0x00000000fcb80000)
 ParOldGen       total 128000K, used 73073K [0x00000000c0000000, 0x00000000c7d00000, 0x00000000eab00000)
  object space 128000K, 57% used [0x00000000c0000000,0x00000000c475c578,0x00000000c7d00000)
 Metaspace       used 24498K, capacity 24722K, committed 24960K, reserved 1071104K
  class space    used 2873K, capacity 2928K, committed 2944K, reserved 1048576K
}
Event: 5.133 GC heap before
{Heap before GC invocations=10 (full 1):
 PSYoungGen      total 279552K, used 279404K [0x00000000eab00000, 0x0000000100000000, 0x0000000100000000)
  eden space 241664K, 99% used [0x00000000eab00000,0x00000000f96e3188,0x00000000f9700000)
  from space 37888K, 99% used [0x00000000fdb00000,0x00000000ffff8020,0x0000000100000000)
  to   space 53760K, 0% used [0x00000000f9700000,0x00000000f9700000,0x00000000fcb80000)
 ParOldGen       total 128000K, used 73073K [0x00000000c0000000, 0x00000000c7d00000, 0x00000000eab00000)
  object space 128000K, 57% used [0x00000000c0000000,0x00000000c475c578,0x00000000c7d00000)
 Metaspace       used 25560K, capacity 25746K, committed 26112K, reserved 1073152K
  class space    used 2938K, capacity 2992K, committed 3072K, reserved 1048576K
Event: 5.525 GC heap after
Heap after GC invocations=10 (full 1):
 PSYoungGen      total 295424K, used 53753K [0x00000000eab00000, 0x0000000100000000, 0x0000000100000000)
  eden space 241664K, 0% used [0x00000000eab00000,0x00000000eab00000,0x00000000f9700000)
  from space 53760K, 99% used [0x00000000f9700000,0x00000000fcb7e4d0,0x00000000fcb80000)
  to   space 53760K, 0% used [0x00000000fcb80000,0x00000000fcb80000,0x0000000100000000)
 ParOldGen       total 128000K, used 104079K [0x00000000c0000000, 0x00000000c7d00000, 0x00000000eab00000)
  object space 128000K, 81% used [0x00000000c0000000,0x00000000c65a3ce0,0x00000000c7d00000)
 Metaspace       used 25560K, capacity 25746K, committed 26112K, reserved 1073152K
  class space    used 2938K, capacity 2992K, committed 3072K, reserved 1048576K
}
Event: 5.529 GC heap before
{Heap before GC invocations=11 (full 2):
 PSYoungGen      total 295424K, used 53753K [0x00000000eab00000, 0x0000000100000000, 0x0000000100000000)
  eden space 241664K, 0% used [0x00000000eab00000,0x00000000eab00000,0x00000000f9700000)
  from space 53760K, 99% used [0x00000000f9700000,0x00000000fcb7e4d0,0x00000000fcb80000)
  to   space 53760K, 0% used [0x00000000fcb80000,0x00000000fcb80000,0x0000000100000000)
 ParOldGen       total 128000K, used 104079K [0x00000000c0000000, 0x00000000c7d00000, 0x00000000eab00000)
  object space 128000K, 81% used [0x00000000c0000000,0x00000000c65a3ce0,0x00000000c7d00000)
 Metaspace       used 25560K, capacity 25746K, committed 26112K, reserved 1073152K
  class space    used 2938K, capacity 2992K, committed 3072K, reserved 1048576K

