# JRE version: OpenJDK Runtime Environment (8.0_112-b06) (build 1.8.0_112-release-b06)
# Java VM: OpenJDK 64-Bit Server VM (25.112-b06 mixed mode linux-amd64 compressed oops)
Heap:
 PSYoungGen      total 265728K, used 496K [0x00000000eab00000, 0x0000000100000000, 0x0000000100000000)
  eden space 233472K, 0% used [0x00000000eab00000,0x00000000eab00000,0x00000000f8f00000)
  from space 32256K, 1% used [0x00000000fe080000,0x00000000fe0fc378,0x0000000100000000)
  to   space 57856K, 0% used [0x00000000f8f00000,0x00000000f8f00000,0x00000000fc780000)
 ParOldGen       total 115712K, used 115497K [0x00000000c0000000, 0x00000000c7100000, 0x00000000eab00000)
  object space 115712K, 99% used [0x00000000c0000000,0x00000000c70ca460,0x00000000c7100000)
 Metaspace       used 24727K, capacity 24876K, committed 25088K, reserved 1071104K
  class space    used 2976K, capacity 3023K, committed 3072K, reserved 1048576K
GC Heap History (10 events):
Event: 2.029 GC heap after
Heap after GC invocations=5 (full 0):
 PSYoungGen      total 136192K, used 5104K [0x00000000eab00000, 0x00000000fdc00000, 0x0000000100000000)
  eden space 131072K, 0% used [0x00000000eab00000,0x00000000eab00000,0x00000000f2b00000)
  from space 5120K, 99% used [0x00000000f2b00000,0x00000000f2ffc020,0x00000000f3000000)
  to   space 25088K, 0% used [0x00000000fc380000,0x00000000fc380000,0x00000000fdc00000)
 ParOldGen       total 86016K, used 50577K [0x00000000c0000000, 0x00000000c5400000, 0x00000000eab00000)
  object space 86016K, 58% used [0x00000000c0000000,0x00000000c31646e0,0x00000000c5400000)
 Metaspace       used 20960K, capacity 21126K, committed 21296K, reserved 1069056K
  class space    used 2554K, capacity 2606K, committed 2688K, reserved 1048576K
}
Event: 2.029 GC heap before
{Heap before GC invocations=6 (full 1):
 PSYoungGen      total 136192K, used 5104K [0x00000000eab00000, 0x00000000fdc00000, 0x0000000100000000)
  eden space 131072K, 0% used [0x00000000eab00000,0x00000000eab00000,0x00000000f2b00000)
  from space 5120K, 99% used [0x00000000f2b00000,0x00000000f2ffc020,0x00000000f3000000)
  to   space 25088K, 0% used [0x00000000fc380000,0x00000000fc380000,0x00000000fdc00000)
 ParOldGen       total 86016K, used 50577K [0x00000000c0000000, 0x00000000c5400000, 0x00000000eab00000)
  object space 86016K, 58% used [0x00000000c0000000,0x00000000c31646e0,0x00000000c5400000)
 Metaspace       used 20960K, capacity 21126K, committed 21296K, reserved 1069056K
  class space    used 2554K, capacity 2606K, committed 2688K, reserved 1048576K
Event: 2.145 GC heap after
Heap after GC invocations=6 (full 1):
 PSYoungGen      total 136192K, used 0K [0x00000000eab00000, 0x00000000fdc00000, 0x0000000100000000)
  eden space 131072K, 0% used [0x00000000eab00000,0x00000000eab00000,0x00000000f2b00000)
  from space 5120K, 0% used [0x00000000f2b00000,0x00000000f2b00000,0x00000000f3000000)
  to   space 25088K, 0% used [0x00000000fc380000,0x00000000fc380000,0x00000000fdc00000)
 ParOldGen       total 115712K, used 46488K [0x00000000c0000000, 0x00000000c7100000, 0x00000000eab00000)
  object space 115712K, 40% used [0x00000000c0000000,0x00000000c2d661c8,0x00000000c7100000)
 Metaspace       used 20960K, capacity 21126K, committed 21296K, reserved 1069056K
  class space    used 2554K, capacity 2606K, committed 2688K, reserved 1048576K
}
Event: 2.403 GC heap before
{Heap before GC invocations=7 (full 1):
 PSYoungGen      total 136192K, used 131072K [0x00000000eab00000, 0x00000000fdc00000, 0x0000000100000000)
  eden space 131072K, 100% used [0x00000000eab00000,0x00000000f2b00000,0x00000000f2b00000)
  from space 5120K, 0% used [0x00000000f2b00000,0x00000000f2b00000,0x00000000f3000000)
  to   space 25088K, 0% used [0x00000000fc380000,0x00000000fc380000,0x00000000fdc00000)
 ParOldGen       total 115712K, used 46492K [0x00000000c0000000, 0x00000000c7100000, 0x00000000eab00000)
  object space 115712K, 40% used [0x00000000c0000000,0x00000000c2d67130,0x00000000c7100000)
 Metaspace       used 21180K, capacity 21382K, committed 21552K, reserved 1069056K
  class space    used 2576K, capacity 2606K, committed 2688K, reserved 1048576K
Event: 2.415 GC heap after
Heap after GC invocations=7 (full 1):
 PSYoungGen      total 208896K, used 14866K [0x00000000eab00000, 0x00000000fd280000, 0x0000000100000000)
  eden space 193536K, 0% used [0x00000000eab00000,0x00000000eab00000,0x00000000f6800000)
  from space 15360K, 96% used [0x00000000fc380000,0x00000000fd204980,0x00000000fd280000)
  to   space 23552K, 0% used [0x00000000fa480000,0x00000000fa480000,0x00000000fbb80000)
 ParOldGen       total 115712K, used 46492K [0x00000000c0000000, 0x00000000c7100000, 0x00000000eab00000)
  object space 115712K, 40% used [0x00000000c0000000,0x00000000c2d67130,0x00000000c7100000)
 Metaspace       used 21180K, capacity 21382K, committed 21552K, reserved 1069056K
  class space    used 2576K, capacity 2606K, committed 2688K, reserved 1048576K
}
Event: 2.639 GC heap before
{Heap before GC invocations=8 (full 1):
 PSYoungGen      total 208896K, used 208402K [0x00000000eab00000, 0x00000000fd280000, 0x0000000100000000)
  eden space 193536K, 100% used [0x00000000eab00000,0x00000000f6800000,0x00000000f6800000)
  from space 15360K, 96% used [0x00000000fc380000,0x00000000fd204980,0x00000000fd280000)
  to   space 23552K, 0% used [0x00000000fa480000,0x00000000fa480000,0x00000000fbb80000)
 ParOldGen       total 115712K, used 46501K [0x00000000c0000000, 0x00000000c7100000, 0x00000000eab00000)
  object space 115712K, 40% used [0x00000000c0000000,0x00000000c2d697e8,0x00000000c7100000)
 Metaspace       used 21207K, capacity 21382K, committed 21552K, reserved 1069056K
  class space    used 2576K, capacity 2606K, committed 2688K, reserved 1048576K
Event: 2.660 GC heap after
Heap after GC invocations=8 (full 1):
 PSYoungGen      total 279040K, used 23520K [0x00000000eab00000, 0x0000000100000000, 0x0000000100000000)
  eden space 255488K, 0% used [0x00000000eab00000,0x00000000eab00000,0x00000000fa480000)
  from space 23552K, 99% used [0x00000000fa480000,0x00000000fbb78070,0x00000000fbb80000)
  to   space 32256K, 0% used [0x00000000fe080000,0x00000000fe080000,0x0000000100000000)
 ParOldGen       total 115712K, used 57770K [0x00000000c0000000, 0x00000000c7100000, 0x00000000eab00000)
  object space 115712K, 49% used [0x00000000c0000000,0x00000000c386a940,0x00000000c7100000)
 Metaspace       used 21207K, capacity 21382K, committed 21552K, reserved 1069056K
  class space    used 2576K, capacity 2606K, committed 2688K, reserved 1048576K
}
Event: 3.954 GC heap before
{Heap before GC invocations=9 (full 1):
 PSYoungGen      total 279040K, used 279008K [0x00000000eab00000, 0x0000000100000000, 0x0000000100000000)
  eden space 255488K, 100% used [0x00000000eab00000,0x00000000fa480000,0x00000000fa480000)
  from space 23552K, 99% used [0x00000000fa480000,0x00000000fbb78070,0x00000000fbb80000)
  to   space 32256K, 0% used [0x00000000fe080000,0x00000000fe080000,0x0000000100000000)
 ParOldGen       total 115712K, used 57775K [0x00000000c0000000, 0x00000000c7100000, 0x00000000eab00000)
  object space 115712K, 49% used [0x00000000c0000000,0x00000000c386bdb0,0x00000000c7100000)
 Metaspace       used 24727K, capacity 24876K, committed 25088K, reserved 1071104K
  class space    used 2976K, capacity 3023K, committed 3072K, reserved 1048576K
Event: 4.217 GC heap after
Heap after GC invocations=9 (full 1):
 PSYoungGen      total 265728K, used 32241K [0x00000000eab00000, 0x0000000100000000, 0x0000000100000000)
  eden space 233472K, 0% used [0x00000000eab00000,0x00000000eab00000,0x00000000f8f00000)
  from space 32256K, 99% used [0x00000000fe080000,0x00000000ffffc518,0x0000000100000000)
  to   space 57856K, 0% used [0x00000000f8f00000,0x00000000f8f00000,0x00000000fc780000)
 ParOldGen       total 115712K, used 106162K [0x00000000c0000000, 0x00000000c7100000, 0x00000000eab00000)
  object space 115712K, 91% used [0x00000000c0000000,0x00000000c67acac0,0x00000000c7100000)
 Metaspace       used 24727K, capacity 24876K, committed 25088K, reserved 1071104K
  class space    used 2976K, capacity 3023K, committed 3072K, reserved 1048576K
}
Event: 4.217 GC heap before
{Heap before GC invocations=10 (full 2):
 PSYoungGen      total 265728K, used 32241K [0x00000000eab00000, 0x0000000100000000, 0x0000000100000000)
  eden space 233472K, 0% used [0x00000000eab00000,0x00000000eab00000,0x00000000f8f00000)
  from space 32256K, 99% used [0x00000000fe080000,0x00000000ffffc518,0x0000000100000000)
  to   space 57856K, 0% used [0x00000000f8f00000,0x00000000f8f00000,0x00000000fc780000)
 ParOldGen       total 115712K, used 106162K [0x00000000c0000000, 0x00000000c7100000, 0x00000000eab00000)
  object space 115712K, 91% used [0x00000000c0000000,0x00000000c67acac0,0x00000000c7100000)
 Metaspace       used 24727K, capacity 24876K, committed 25088K, reserved 1071104K
  class space    used 2976K, capacity 3023K, committed 3072K, reserved 1048576K

